Added Member To Class: ClassName=Single_Channel_fNIRS Member=Component C1 0.47uF
Added Member To Class: ClassName=Single_Channel_fNIRS Member=Component C2 33uF
Added Member To Class: ClassName=Single_Channel_fNIRS Member=Component C3 0.1uF
Added Member To Class: ClassName=Single_Channel_fNIRS Member=Component C4 0.1uF
Added Member To Class: ClassName=Single_Channel_fNIRS Member=Component C5 10uF
Added Member To Class: ClassName=Single_Channel_fNIRS Member=Component C6 10uF
Added Member To Class: ClassName=Single_Channel_fNIRS Member=Component C7 3.3uF
Added Member To Class: ClassName=Single_Channel_fNIRS Member=Component C8 3.3uF
Added Member To Class: ClassName=Single_Channel_fNIRS Member=Component C9 0.1uF
Added Member To Class: ClassName=Single_Channel_fNIRS Member=Component C10 0.1uF
Added Member To Class: ClassName=Single_Channel_fNIRS Member=Component C11 10uF
Added Member To Class: ClassName=Single_Channel_fNIRS Member=Component C12 10uF
Added Member To Class: ClassName=Single_Channel_fNIRS Member=Component C13 3.3uF
Added Member To Class: ClassName=Single_Channel_fNIRS Member=Component C14 3.3uF
Added Member To Class: ClassName=Single_Channel_fNIRS Member=Component C15 0.1uF
Added Member To Class: ClassName=Single_Channel_fNIRS Member=Component C16 0.1uF
Added Member To Class: ClassName=Single_Channel_fNIRS Member=Component C17 10uF
Added Member To Class: ClassName=Single_Channel_fNIRS Member=Component C18 10uF
Added Member To Class: ClassName=Single_Channel_fNIRS Member=Component C19 3.3uF
Added Member To Class: ClassName=Single_Channel_fNIRS Member=Component C20 3.3uF
Added Member To Class: ClassName=Single_Channel_fNIRS Member=Component C21 0.1uF
Added Member To Class: ClassName=Single_Channel_fNIRS Member=Component C22 10uF
Added Member To Class: ClassName=Single_Channel_fNIRS Member=Component C23 0.1uF
Added Member To Class: ClassName=Single_Channel_fNIRS Member=Component C24 10uF
Added Member To Class: ClassName=Single_Channel_fNIRS Member=Component D1 BAT54LT1G
Added Member To Class: ClassName=Single_Channel_fNIRS Member=Component D2 BAT54LT1G
Added Member To Class: ClassName=Single_Channel_fNIRS Member=Component D3 VEMD5060
Added Member To Class: ClassName=Single_Channel_fNIRS Member=Component D4 HSD9-B170
Added Member To Class: ClassName=Single_Channel_fNIRS Member=Component D5 SMT735D/850D
Added Member To Class: ClassName=Single_Channel_fNIRS Member=Component D6 PDB-C154SM
Added Member To Class: ClassName=Single_Channel_fNIRS Member=Component D7 PDB-C160SM
Added Member To Class: ClassName=Single_Channel_fNIRS Member=Component D8 Blue LED
Added Member To Class: ClassName=Single_Channel_fNIRS Member=Component M1 NDC7002N
Added Member To Class: ClassName=Single_Channel_fNIRS Member=Component M2 2N7002
Added Member To Class: ClassName=Single_Channel_fNIRS Member=Component P1 TSM-105-01-T-DV
Added Member To Class: ClassName=Single_Channel_fNIRS Member=Component R1 1k
Added Member To Class: ClassName=Single_Channel_fNIRS Member=Component R2 1k
Added Member To Class: ClassName=Single_Channel_fNIRS Member=Component R3 36
Added Member To Class: ClassName=Single_Channel_fNIRS Member=Component R4 26.1
Added Member To Class: ClassName=Single_Channel_fNIRS Member=Component R5 1k
Added Member To Class: ClassName=Single_Channel_fNIRS Member=Component R6 36
Added Member To Class: ClassName=Single_Channel_fNIRS Member=Component R7 1k
Added Member To Class: ClassName=Single_Channel_fNIRS Member=Component R8 1k
Added Member To Class: ClassName=Single_Channel_fNIRS Member=Component R9 1k
Added Member To Class: ClassName=Single_Channel_fNIRS Member=Component R10 1k
Added Member To Class: ClassName=Single_Channel_fNIRS Member=Component U1 LM3940IMPX-3.3
Added Member To Class: ClassName=Single_Channel_fNIRS Member=Component U2 IVC102
Added Member To Class: ClassName=Single_Channel_fNIRS Member=Component U3 LM2664
Added Member To Class: ClassName=Single_Channel_fNIRS Member=Component U4 LM2664
Added Member To Class: ClassName=Single_Channel_fNIRS Member=Component U5 LM2664
Added Member To Class: ClassName=Single_Channel_fNIRS Member=Component U6 TLV271CW5-7
