Replace Part C1 C3216X7R2A474K160AA in C:\Users\12289\Desktop\BCI Headset\Single_Channel_fNIRS\Single_Channel_fNIRS.SchDoc with C3216X7R2A474K160AA from Single_Channel_fNIRS.SchLib
Replace Part C2 C3216X5R1E336M160AC in C:\Users\12289\Desktop\BCI Headset\Single_Channel_fNIRS\Single_Channel_fNIRS.SchDoc with C3216X5R1E336M160AC from Single_Channel_fNIRS.SchLib
Replace Part C5 CL31B106KOHNNWE in C:\Users\12289\Desktop\BCI Headset\Single_Channel_fNIRS\Single_Channel_fNIRS.SchDoc with CL31B106KOHNNWE from Single_Channel_fNIRS.SchLib
Replace Part C6 CL31B106KOHNNWE in C:\Users\12289\Desktop\BCI Headset\Single_Channel_fNIRS\Single_Channel_fNIRS.SchDoc with CL31B106KOHNNWE from Single_Channel_fNIRS.SchLib
Replace Part C7 C1210C335K5RAC7800 in C:\Users\12289\Desktop\BCI Headset\Single_Channel_fNIRS\Single_Channel_fNIRS.SchDoc with C1210C335K5RAC7800 from Single_Channel_fNIRS.SchLib
Replace Part C8 C1210C335K5RAC7800 in C:\Users\12289\Desktop\BCI Headset\Single_Channel_fNIRS\Single_Channel_fNIRS.SchDoc with C1210C335K5RAC7800 from Single_Channel_fNIRS.SchLib
Replace Part C11 CL31B106KOHNNWE in C:\Users\12289\Desktop\BCI Headset\Single_Channel_fNIRS\Single_Channel_fNIRS.SchDoc with CL31B106KOHNNWE from Single_Channel_fNIRS.SchLib
Replace Part C12 CL31B106KOHNNWE in C:\Users\12289\Desktop\BCI Headset\Single_Channel_fNIRS\Single_Channel_fNIRS.SchDoc with CL31B106KOHNNWE from Single_Channel_fNIRS.SchLib
Replace Part C13 C1210C335K5RAC7800 in C:\Users\12289\Desktop\BCI Headset\Single_Channel_fNIRS\Single_Channel_fNIRS.SchDoc with C1210C335K5RAC7800 from Single_Channel_fNIRS.SchLib
Replace Part C14 C1210C335K5RAC7800 in C:\Users\12289\Desktop\BCI Headset\Single_Channel_fNIRS\Single_Channel_fNIRS.SchDoc with C1210C335K5RAC7800 from Single_Channel_fNIRS.SchLib
Replace Part C17 CL31B106KOHNNWE in C:\Users\12289\Desktop\BCI Headset\Single_Channel_fNIRS\Single_Channel_fNIRS.SchDoc with CL31B106KOHNNWE from Single_Channel_fNIRS.SchLib
Replace Part C18 CL31B106KOHNNWE in C:\Users\12289\Desktop\BCI Headset\Single_Channel_fNIRS\Single_Channel_fNIRS.SchDoc with CL31B106KOHNNWE from Single_Channel_fNIRS.SchLib
Replace Part C19 C1210C335K5RAC7800 in C:\Users\12289\Desktop\BCI Headset\Single_Channel_fNIRS\Single_Channel_fNIRS.SchDoc with C1210C335K5RAC7800 from Single_Channel_fNIRS.SchLib
Replace Part C20 C1210C335K5RAC7800 in C:\Users\12289\Desktop\BCI Headset\Single_Channel_fNIRS\Single_Channel_fNIRS.SchDoc with C1210C335K5RAC7800 from Single_Channel_fNIRS.SchLib
Replace Part C22 CL31B106KOHNNWE in C:\Users\12289\Desktop\BCI Headset\Single_Channel_fNIRS\Single_Channel_fNIRS.SchDoc with CL31B106KOHNNWE from Single_Channel_fNIRS.SchLib
Replace Part C24 CL31B106KOHNNWE in C:\Users\12289\Desktop\BCI Headset\Single_Channel_fNIRS\Single_Channel_fNIRS.SchDoc with CL31B106KOHNNWE from Single_Channel_fNIRS.SchLib
Replace Part D3 VEMD5060 in C:\Users\12289\Desktop\BCI Headset\Single_Channel_fNIRS\Single_Channel_fNIRS.SchDoc with VEMD5060 from Single_Channel_fNIRS.SchLib
Replace Part D4 HSD9-B170 in C:\Users\12289\Desktop\BCI Headset\Single_Channel_fNIRS\Single_Channel_fNIRS.SchDoc with HSD9-B170 from Single_Channel_fNIRS.SchLib
Replace Part D5 SMT735D/850D in C:\Users\12289\Desktop\BCI Headset\Single_Channel_fNIRS\Single_Channel_fNIRS.SchDoc with SMT735D/850D from Single_Channel_fNIRS.SchLib
Replace Part D6 PDB-C154SM in C:\Users\12289\Desktop\BCI Headset\Single_Channel_fNIRS\Single_Channel_fNIRS.SchDoc with PDB-C154SM from Single_Channel_fNIRS.SchLib
Replace Part D7 PDB-C160SM in C:\Users\12289\Desktop\BCI Headset\Single_Channel_fNIRS\Single_Channel_fNIRS.SchDoc with PDB-C160SM from Single_Channel_fNIRS.SchLib
Replace Part D8 150120BS75000 in C:\Users\12289\Desktop\BCI Headset\Single_Channel_fNIRS\Single_Channel_fNIRS.SchDoc with 150120BS75000 from Single_Channel_fNIRS.SchLib
Replace Part M1 NDC7002N in C:\Users\12289\Desktop\BCI Headset\Single_Channel_fNIRS\Single_Channel_fNIRS.SchDoc with NDC7002N from Single_Channel_fNIRS.SchLib
Replace Part M2 2N7002-TP in C:\Users\12289\Desktop\BCI Headset\Single_Channel_fNIRS\Single_Channel_fNIRS.SchDoc with 2N7002-TP from Single_Channel_fNIRS.SchLib
Replace Part R1 RT1206BRD071KL in C:\Users\12289\Desktop\BCI Headset\Single_Channel_fNIRS\Single_Channel_fNIRS.SchDoc with RT1206BRD071KL from Single_Channel_fNIRS.SchLib
Replace Part R2 RT1206BRD071KL in C:\Users\12289\Desktop\BCI Headset\Single_Channel_fNIRS\Single_Channel_fNIRS.SchDoc with RT1206BRD071KL from Single_Channel_fNIRS.SchLib
Replace Part R3 RT1206BRD0736RL in C:\Users\12289\Desktop\BCI Headset\Single_Channel_fNIRS\Single_Channel_fNIRS.SchDoc with RT1206BRD0736RL from Single_Channel_fNIRS.SchLib
Replace Part R5 RT1206BRD071KL in C:\Users\12289\Desktop\BCI Headset\Single_Channel_fNIRS\Single_Channel_fNIRS.SchDoc with RT1206BRD071KL from Single_Channel_fNIRS.SchLib
Replace Part R6 RT1206BRD0736RL in C:\Users\12289\Desktop\BCI Headset\Single_Channel_fNIRS\Single_Channel_fNIRS.SchDoc with RT1206BRD0736RL from Single_Channel_fNIRS.SchLib
Replace Part R7 RT1206BRD071KL in C:\Users\12289\Desktop\BCI Headset\Single_Channel_fNIRS\Single_Channel_fNIRS.SchDoc with RT1206BRD071KL from Single_Channel_fNIRS.SchLib
Replace Part R8 RT1206BRD071KL in C:\Users\12289\Desktop\BCI Headset\Single_Channel_fNIRS\Single_Channel_fNIRS.SchDoc with RT1206BRD071KL from Single_Channel_fNIRS.SchLib
Replace Part R9 RT1206BRD071KL in C:\Users\12289\Desktop\BCI Headset\Single_Channel_fNIRS\Single_Channel_fNIRS.SchDoc with RT1206BRD071KL from Single_Channel_fNIRS.SchLib
Replace Part R10 RT1206BRD071KL in C:\Users\12289\Desktop\BCI Headset\Single_Channel_fNIRS\Single_Channel_fNIRS.SchDoc with RT1206BRD071KL from Single_Channel_fNIRS.SchLib
Replace Part U1 LM3940IMPX-3.3 in C:\Users\12289\Desktop\BCI Headset\Single_Channel_fNIRS\Single_Channel_fNIRS.SchDoc with LM3940IMPX-3.3 from Single_Channel_fNIRS.SchLib
Replace Part U2 IVC102 in C:\Users\12289\Desktop\BCI Headset\Single_Channel_fNIRS\Single_Channel_fNIRS.SchDoc with IVC102 from Single_Channel_fNIRS.SchLib
Replace Part U6 TLV271CW5-7 in C:\Users\12289\Desktop\BCI Headset\Single_Channel_fNIRS\Single_Channel_fNIRS.SchDoc with TLV271CW5-7 from Single_Channel_fNIRS.SchLib
